# JRE version: OpenJDK Runtime Environment (8.0_242-b01) (build 1.8.0_242-release-1644-b01)
# Java VM: OpenJDK 64-Bit Server VM (25.242-b01 mixed mode windows-amd64 compressed oops)
Heap:
 PSYoungGen      total 66560K, used 42749K [0x00000000e0780000, 0x00000000e6200000, 0x0000000100000000)
  eden space 51200K, 66% used [0x00000000e0780000,0x00000000e28d8af0,0x00000000e3980000)
  from space 15360K, 56% used [0x00000000e3980000,0x00000000e41e6c50,0x00000000e4880000)
  to   space 14848K, 0% used [0x00000000e5380000,0x00000000e5380000,0x00000000e6200000)
 ParOldGen       total 81920K, used 16145K [0x00000000a1600000, 0x00000000a6600000, 0x00000000e0780000)
  object space 81920K, 19% used [0x00000000a1600000,0x00000000a25c47a8,0x00000000a6600000)
 Metaspace       used 41951K, capacity 42676K, committed 43048K, reserved 1087488K
  class space    used 5144K, capacity 5317K, committed 5424K, reserved 1048576K
GC Heap History (10 events):
Event: 9.938 GC heap before
{Heap before GC invocations=7 (full 1):
 PSYoungGen      total 28672K, used 28661K [0x00000000e0780000, 0x00000000e3e80000, 0x0000000100000000)
  eden space 24576K, 100% used [0x00000000e0780000,0x00000000e1f80000,0x00000000e1f80000)
  from space 4096K, 99% used [0x00000000e1f80000,0x00000000e237d418,0x00000000e2380000)
  to   space 10240K, 0% used [0x00000000e3480000,0x00000000e3480000,0x00000000e3e80000)
 ParOldGen       total 54272K, used 11890K [0x00000000a1600000, 0x00000000a4b00000, 0x00000000e0780000)
  object space 54272K, 21% used [0x00000000a1600000,0x00000000a219c9c8,0x00000000a4b00000)
 Metaspace       used 26808K, capacity 27267K, committed 27440K, reserved 1073152K
  class space    used 3180K, capacity 3349K, committed 3376K, reserved 1048576K
Event: 9.970 GC heap after
Heap after GC invocations=7 (full 1):
 PSYoungGen      total 44544K, used 10228K [0x00000000e0780000, 0x00000000e4280000, 0x0000000100000000)
  eden space 34304K, 0% used [0x00000000e0780000,0x00000000e0780000,0x00000000e2900000)
  from space 10240K, 99% used [0x00000000e3480000,0x00000000e3e7d370,0x00000000e3e80000)
  to   space 11776K, 0% used [0x00000000e2900000,0x00000000e2900000,0x00000000e3480000)
 ParOldGen       total 54272K, used 12146K [0x00000000a1600000, 0x00000000a4b00000, 0x00000000e0780000)
  object space 54272K, 22% used [0x00000000a1600000,0x00000000a21dca90,0x00000000a4b00000)
 Metaspace       used 26808K, capacity 27267K, committed 27440K, reserved 1073152K
  class space    used 3180K, capacity 3349K, committed 3376K, reserved 1048576K
}
Event: 12.188 GC heap before
{Heap before GC invocations=8 (full 1):
 PSYoungGen      total 44544K, used 44532K [0x00000000e0780000, 0x00000000e4280000, 0x0000000100000000)
  eden space 34304K, 100% used [0x00000000e0780000,0x00000000e2900000,0x00000000e2900000)
  from space 10240K, 99% used [0x00000000e3480000,0x00000000e3e7d370,0x00000000e3e80000)
  to   space 11776K, 0% used [0x00000000e2900000,0x00000000e2900000,0x00000000e3480000)
 ParOldGen       total 54272K, used 12146K [0x00000000a1600000, 0x00000000a4b00000, 0x00000000e0780000)
  object space 54272K, 22% used [0x00000000a1600000,0x00000000a21dca90,0x00000000a4b00000)
 Metaspace       used 33153K, capacity 33664K, committed 34096K, reserved 1079296K
  class space    used 4206K, capacity 4347K, committed 4400K, reserved 1048576K
Event: 12.219 GC heap after
Heap after GC invocations=8 (full 1):
 PSYoungGen      total 46080K, used 11769K [0x00000000e0780000, 0x00000000e5780000, 0x0000000100000000)
  eden space 34304K, 0% used [0x00000000e0780000,0x00000000e0780000,0x00000000e2900000)
  from space 11776K, 99% used [0x00000000e2900000,0x00000000e347e740,0x00000000e3480000)
  to   space 15360K, 0% used [0x00000000e4880000,0x00000000e4880000,0x00000000e5780000)
 ParOldGen       total 54272K, used 15723K [0x00000000a1600000, 0x00000000a4b00000, 0x00000000e0780000)
  object space 54272K, 28% used [0x00000000a1600000,0x00000000a255ada0,0x00000000a4b00000)
 Metaspace       used 33153K, capacity 33664K, committed 34096K, reserved 1079296K
  class space    used 4206K, capacity 4347K, committed 4400K, reserved 1048576K
}
Event: 13.097 GC heap before
{Heap before GC invocations=9 (full 1):
 PSYoungGen      total 46080K, used 18361K [0x00000000e0780000, 0x00000000e5780000, 0x0000000100000000)
  eden space 34304K, 19% used [0x00000000e0780000,0x00000000e0defcd0,0x00000000e2900000)
  from space 11776K, 99% used [0x00000000e2900000,0x00000000e347e740,0x00000000e3480000)
  to   space 15360K, 0% used [0x00000000e4880000,0x00000000e4880000,0x00000000e5780000)
 ParOldGen       total 54272K, used 15723K [0x00000000a1600000, 0x00000000a4b00000, 0x00000000e0780000)
  object space 54272K, 28% used [0x00000000a1600000,0x00000000a255ada0,0x00000000a4b00000)
 Metaspace       used 34746K, capacity 35226K, committed 35496K, reserved 1081344K
  class space    used 4394K, capacity 4518K, committed 4528K, reserved 1048576K
Event: 13.148 GC heap after
Heap after GC invocations=9 (full 1):
 PSYoungGen      total 66560K, used 10501K [0x00000000e0780000, 0x00000000e5c00000, 0x0000000100000000)
  eden space 51200K, 0% used [0x00000000e0780000,0x00000000e0780000,0x00000000e3980000)
  from space 15360K, 68% used [0x00000000e4880000,0x00000000e52c1718,0x00000000e5780000)
  to   space 15360K, 0% used [0x00000000e3980000,0x00000000e3980000,0x00000000e4880000)
 ParOldGen       total 54272K, used 15784K [0x00000000a1600000, 0x00000000a4b00000, 0x00000000e0780000)
  object space 54272K, 29% used [0x00000000a1600000,0x00000000a256a200,0x00000000a4b00000)
 Metaspace       used 34746K, capacity 35226K, committed 35496K, reserved 1081344K
  class space    used 4394K, capacity 4518K, committed 4528K, reserved 1048576K
}
Event: 13.148 GC heap before
{Heap before GC invocations=10 (full 2):
 PSYoungGen      total 66560K, used 10501K [0x00000000e0780000, 0x00000000e5c00000, 0x0000000100000000)
  eden space 51200K, 0% used [0x00000000e0780000,0x00000000e0780000,0x00000000e3980000)
  from space 15360K, 68% used [0x00000000e4880000,0x00000000e52c1718,0x00000000e5780000)
  to   space 15360K, 0% used [0x00000000e3980000,0x00000000e3980000,0x00000000e4880000)
 ParOldGen       total 54272K, used 15784K [0x00000000a1600000, 0x00000000a4b00000, 0x00000000e0780000)
  object space 54272K, 29% used [0x00000000a1600000,0x00000000a256a200,0x00000000a4b00000)
 Metaspace       used 34746K, capacity 35226K, committed 35496K, reserved 1081344K
  class space    used 4394K, capacity 4518K, committed 4528K, reserved 1048576K
Event: 13.534 GC heap after
Heap after GC invocations=10 (full 2):
 PSYoungGen      total 66560K, used 0K [0x00000000e0780000, 0x00000000e5c00000, 0x0000000100000000)
  eden space 51200K, 0% used [0x00000000e0780000,0x00000000e0780000,0x00000000e3980000)
  from space 15360K, 0% used [0x00000000e4880000,0x00000000e4880000,0x00000000e5780000)
  to   space 15360K, 0% used [0x00000000e3980000,0x00000000e3980000,0x00000000e4880000)
 ParOldGen       total 81920K, used 16137K [0x00000000a1600000, 0x00000000a6600000, 0x00000000e0780000)
  object space 81920K, 19% used [0x00000000a1600000,0x00000000a25c27a8,0x00000000a6600000)
 Metaspace       used 34746K, capacity 35226K, committed 35496K, reserved 1081344K
  class space    used 4394K, capacity 4518K, committed 4528K, reserved 1048576K
}
Event: 16.601 GC heap before
{Heap before GC invocations=11 (full 2):
 PSYoungGen      total 66560K, used 51200K [0x00000000e0780000, 0x00000000e5c00000, 0x0000000100000000)
  eden space 51200K, 100% used [0x00000000e0780000,0x00000000e3980000,0x00000000e3980000)
  from space 15360K, 0% used [0x00000000e4880000,0x00000000e4880000,0x00000000e5780000)
  to   space 15360K, 0% used [0x00000000e3980000,0x00000000e3980000,0x00000000e4880000)
 ParOldGen       total 81920K, used 16137K [0x00000000a1600000, 0x00000000a6600000, 0x00000000e0780000)
  object space 81920K, 19% used [0x00000000a1600000,0x00000000a25c27a8,0x00000000a6600000)
 Metaspace       used 38660K, capacity 39244K, committed 39592K, reserved 1083392K
  class space    used 4864K, capacity 5003K, committed 5040K, reserved 1048576K
Event: 16.624 GC heap after
Heap after GC invocations=11 (full 2):
 PSYoungGen      total 66560K, used 8603K [0x00000000e0780000, 0x00000000e6200000, 0x0000000100000000)
  eden space 51200K, 0% used [0x00000000e0780000,0x00000000e0780000,0x00000000e3980000)
  from space 15360K, 56% used [0x00000000e3980000,0x00000000e41e6c50,0x00000000e4880000)
  to   space 14848K, 0% used [0x00000000e5380000,0x00000000e5380000,0x00000000e6200000)
 ParOldGen       total 81920K, used 16145K [0x00000000a1600000, 0x00000000a6600000, 0x00000000e0780000)
  object space 81920K, 19% used [0x00000000a1600000,0x00000000a25c47a8,0x00000000a6600000)
 Metaspace       used 38660K, capacity 39244K, committed 39592K, reserved 1083392K
  class space    used 4864K, capacity 5003K, committed 5040K, reserved 1048576K
}

